current directory: /home/jon/Coding/JonTerry.github.io/.bundle/ruby/3.3.0/gems/psych-5.2.2/ext/psych
/usr/bin/ruby extconf.rb
checking for pkg-config for yaml-0.1... [" ", "", "-lyaml"]
checking for yaml.h... yes
checking for yaml_get_version() in -lyaml... yes
creating Makefile

current directory: /home/jon/Coding/JonTerry.github.io/.bundle/ruby/3.3.0/gems/psych-5.2.2/ext/psych
make DESTDIR\= sitearchdir\=./.gem.20241222-294773-gso39f sitelibdir\=./.gem.20241222-294773-gso39f clean
cd libyaml && make clean
/bin/sh: line 1: cd: libyaml: No such file or directory
make: [Makefile:283: clean-so] Error 1 (ignored)

current directory: /home/jon/Coding/JonTerry.github.io/.bundle/ruby/3.3.0/gems/psych-5.2.2/ext/psych
make DESTDIR\= sitearchdir\=./.gem.20241222-294773-gso39f sitelibdir\=./.gem.20241222-294773-gso39f
compiling psych.c
compiling psych_emitter.c
compiling psych_parser.c
compiling psych_to_ruby.c
compiling psych_yaml_tree.c
linking shared-object psych.so

current directory: /home/jon/Coding/JonTerry.github.io/.bundle/ruby/3.3.0/gems/psych-5.2.2/ext/psych
make DESTDIR\= sitearchdir\=./.gem.20241222-294773-gso39f sitelibdir\=./.gem.20241222-294773-gso39f install
/usr/bin/install -c -m 0755 psych.so ./.gem.20241222-294773-gso39f

current directory: /home/jon/Coding/JonTerry.github.io/.bundle/ruby/3.3.0/gems/psych-5.2.2/ext/psych
make DESTDIR\= sitearchdir\=./.gem.20241222-294773-gso39f sitelibdir\=./.gem.20241222-294773-gso39f clean
cd libyaml && make clean
/bin/sh: line 1: cd: libyaml: No such file or directory
make: [Makefile:283: clean-so] Error 1 (ignored)
