current directory: /home/jon/Coding/JonTerry.github.io/.bundle/ruby/3.3.0/gems/rbs-3.7.0/ext/rbs_extension
/usr/bin/ruby extconf.rb
checking for whether -std=gnu99 is accepted as CFLAGS... yes
creating Makefile

current directory: /home/jon/Coding/JonTerry.github.io/.bundle/ruby/3.3.0/gems/rbs-3.7.0/ext/rbs_extension
make DESTDIR\= sitearchdir\=./.gem.20241222-294773-mift6m sitelibdir\=./.gem.20241222-294773-mift6m clean

current directory: /home/jon/Coding/JonTerry.github.io/.bundle/ruby/3.3.0/gems/rbs-3.7.0/ext/rbs_extension
make DESTDIR\= sitearchdir\=./.gem.20241222-294773-mift6m sitelibdir\=./.gem.20241222-294773-mift6m
compiling ./../../src/constants.c
compiling ./../../src/ruby_objs.c
compiling lexer.c
compiling lexstate.c
compiling location.c
compiling main.c
compiling parser.c
compiling parserstate.c
compiling unescape.c
linking shared-object rbs_extension.so

current directory: /home/jon/Coding/JonTerry.github.io/.bundle/ruby/3.3.0/gems/rbs-3.7.0/ext/rbs_extension
make DESTDIR\= sitearchdir\=./.gem.20241222-294773-mift6m sitelibdir\=./.gem.20241222-294773-mift6m install
/usr/bin/install -c -m 0755 rbs_extension.so ./.gem.20241222-294773-mift6m

current directory: /home/jon/Coding/JonTerry.github.io/.bundle/ruby/3.3.0/gems/rbs-3.7.0/ext/rbs_extension
make DESTDIR\= sitearchdir\=./.gem.20241222-294773-mift6m sitelibdir\=./.gem.20241222-294773-mift6m clean
